{"/Users/carsonnwright/Projects/step-test/test.js":{"path":"/Users/carsonnwright/Projects/step-test/test.js","s":{"1":1,"2":1,"3":1,"4":1,"5":3,"6":1},"b":{},"f":{"1":3},"fnMap":{"1":{"name":"(anonymous_1)","line":5,"loc":{"start":{"line":5,"column":15},"end":{"line":5,"column":26}}}},"statementMap":{"1":{"start":{"line":1,"column":0},"end":{"line":1,"column":37}},"2":{"start":{"line":2,"column":0},"end":{"line":2,"column":37}},"3":{"start":{"line":4,"column":0},"end":{"line":4,"column":16}},"4":{"start":{"line":5,"column":0},"end":{"line":7,"column":3}},"5":{"start":{"line":6,"column":2},"end":{"line":6,"column":39}},"6":{"start":{"line":8,"column":0},"end":{"line":8,"column":16}}},"branchMap":{}},"/Users/carsonnwright/Projects/step-test/test1.js":{"path":"/Users/carsonnwright/Projects/step-test/test1.js","s":{"1":1,"2":1,"3":1,"4":1,"5":1,"6":1,"7":1,"8":1,"9":0,"10":1,"11":1,"12":1,"13":0,"14":1,"15":1,"16":1,"17":1,"18":1,"19":1,"20":0,"21":1,"22":1,"23":1,"24":1,"25":0,"26":1,"27":1,"28":1,"29":1,"30":1,"31":1,"32":0,"33":1,"34":1,"35":1,"36":1,"37":0,"38":1,"39":1,"40":1,"41":0,"42":1,"43":1,"44":1,"45":1,"46":0,"47":0,"48":1,"49":0,"50":0,"51":0,"52":0,"53":0,"54":0,"55":0,"56":0,"57":0,"58":0,"59":0,"60":0,"61":0,"62":0,"63":0,"64":0,"65":1},"b":{"1":[0,0],"2":[0,0],"3":[0,0],"4":[0,0],"5":[0,0],"6":[0,0]},"f":{"1":0,"2":0,"3":0,"4":0,"5":0,"6":0,"7":0,"8":0,"9":0},"fnMap":{"1":{"name":"(anonymous_1)","line":10,"loc":{"start":{"line":10,"column":35},"end":{"line":10,"column":45}}},"2":{"name":"(anonymous_2)","line":15,"loc":{"start":{"line":15,"column":35},"end":{"line":15,"column":45}}},"3":{"name":"(anonymous_3)","line":24,"loc":{"start":{"line":24,"column":36},"end":{"line":24,"column":46}}},"4":{"name":"(anonymous_4)","line":31,"loc":{"start":{"line":31,"column":36},"end":{"line":31,"column":46}}},"5":{"name":"(anonymous_5)","line":40,"loc":{"start":{"line":40,"column":37},"end":{"line":40,"column":47}}},"6":{"name":"(anonymous_6)","line":47,"loc":{"start":{"line":47,"column":34},"end":{"line":47,"column":44}}},"7":{"name":"(anonymous_7)","line":53,"loc":{"start":{"line":53,"column":34},"end":{"line":53,"column":44}}},"8":{"name":"(anonymous_8)","line":61,"loc":{"start":{"line":61,"column":25},"end":{"line":61,"column":35}}},"9":{"name":"(anonymous_9)","line":67,"loc":{"start":{"line":67,"column":25},"end":{"line":67,"column":35}}}},"statementMap":{"1":{"start":{"line":2,"column":0},"end":{"line":2,"column":43}},"2":{"start":{"line":3,"column":0},"end":{"line":3,"column":33}},"3":{"start":{"line":5,"column":0},"end":{"line":5,"column":41}},"4":{"start":{"line":6,"column":0},"end":{"line":6,"column":27}},"5":{"start":{"line":7,"column":0},"end":{"line":7,"column":27}},"6":{"start":{"line":8,"column":0},"end":{"line":8,"column":27}},"7":{"start":{"line":9,"column":0},"end":{"line":9,"column":32}},"8":{"start":{"line":10,"column":0},"end":{"line":12,"column":3}},"9":{"start":{"line":11,"column":2},"end":{"line":11,"column":29}},"10":{"start":{"line":13,"column":0},"end":{"line":13,"column":12}},"11":{"start":{"line":14,"column":0},"end":{"line":14,"column":32}},"12":{"start":{"line":15,"column":0},"end":{"line":17,"column":3}},"13":{"start":{"line":16,"column":2},"end":{"line":16,"column":29}},"14":{"start":{"line":18,"column":0},"end":{"line":18,"column":32}},"15":{"start":{"line":20,"column":0},"end":{"line":20,"column":42}},"16":{"start":{"line":21,"column":0},"end":{"line":21,"column":28}},"17":{"start":{"line":22,"column":0},"end":{"line":22,"column":28}},"18":{"start":{"line":23,"column":0},"end":{"line":23,"column":33}},"19":{"start":{"line":24,"column":0},"end":{"line":26,"column":3}},"20":{"start":{"line":25,"column":2},"end":{"line":25,"column":29}},"21":{"start":{"line":28,"column":0},"end":{"line":28,"column":41}},"22":{"start":{"line":29,"column":0},"end":{"line":29,"column":28}},"23":{"start":{"line":30,"column":0},"end":{"line":30,"column":33}},"24":{"start":{"line":31,"column":0},"end":{"line":33,"column":3}},"25":{"start":{"line":32,"column":2},"end":{"line":32,"column":29}},"26":{"start":{"line":34,"column":0},"end":{"line":34,"column":51}},"27":{"start":{"line":36,"column":0},"end":{"line":36,"column":48}},"28":{"start":{"line":37,"column":0},"end":{"line":37,"column":28}},"29":{"start":{"line":38,"column":0},"end":{"line":38,"column":33}},"30":{"start":{"line":39,"column":0},"end":{"line":39,"column":29}},"31":{"start":{"line":40,"column":0},"end":{"line":42,"column":3}},"32":{"start":{"line":41,"column":2},"end":{"line":41,"column":29}},"33":{"start":{"line":44,"column":0},"end":{"line":44,"column":62}},"34":{"start":{"line":45,"column":0},"end":{"line":45,"column":28}},"35":{"start":{"line":46,"column":0},"end":{"line":46,"column":45}},"36":{"start":{"line":47,"column":0},"end":{"line":49,"column":2}},"37":{"start":{"line":48,"column":2},"end":{"line":48,"column":30}},"38":{"start":{"line":50,"column":0},"end":{"line":50,"column":24}},"39":{"start":{"line":52,"column":0},"end":{"line":52,"column":52}},"40":{"start":{"line":53,"column":0},"end":{"line":55,"column":2}},"41":{"start":{"line":54,"column":2},"end":{"line":54,"column":17}},"42":{"start":{"line":57,"column":0},"end":{"line":57,"column":62}},"43":{"start":{"line":58,"column":0},"end":{"line":58,"column":20}},"44":{"start":{"line":60,"column":0},"end":{"line":60,"column":54}},"45":{"start":{"line":61,"column":0},"end":{"line":65,"column":8}},"46":{"start":{"line":62,"column":2},"end":{"line":64,"column":3}},"47":{"start":{"line":63,"column":4},"end":{"line":63,"column":38}},"48":{"start":{"line":67,"column":0},"end":{"line":92,"column":2}},"49":{"start":{"line":68,"column":2},"end":{"line":68,"column":17}},"50":{"start":{"line":69,"column":2},"end":{"line":69,"column":18}},"51":{"start":{"line":71,"column":2},"end":{"line":74,"column":3}},"52":{"start":{"line":72,"column":4},"end":{"line":72,"column":20}},"53":{"start":{"line":73,"column":4},"end":{"line":73,"column":45}},"54":{"start":{"line":76,"column":2},"end":{"line":78,"column":3}},"55":{"start":{"line":77,"column":4},"end":{"line":77,"column":45}},"56":{"start":{"line":80,"column":2},"end":{"line":82,"column":3}},"57":{"start":{"line":81,"column":4},"end":{"line":81,"column":45}},"58":{"start":{"line":84,"column":2},"end":{"line":86,"column":3}},"59":{"start":{"line":85,"column":4},"end":{"line":85,"column":45}},"60":{"start":{"line":87,"column":2},"end":{"line":89,"column":3}},"61":{"start":{"line":87,"column":33},"end":{"line":87,"column":43}},"62":{"start":{"line":88,"column":4},"end":{"line":88,"column":40}},"63":{"start":{"line":90,"column":2},"end":{"line":90,"column":24}},"64":{"start":{"line":91,"column":2},"end":{"line":91,"column":30}},"65":{"start":{"line":94,"column":0},"end":{"line":94,"column":27}}},"branchMap":{"1":{"line":62,"type":"if","locations":[{"start":{"line":62,"column":2},"end":{"line":62,"column":2}},{"start":{"line":62,"column":2},"end":{"line":62,"column":2}}]},"2":{"line":71,"type":"if","locations":[{"start":{"line":71,"column":2},"end":{"line":71,"column":2}},{"start":{"line":71,"column":2},"end":{"line":71,"column":2}}]},"3":{"line":76,"type":"if","locations":[{"start":{"line":76,"column":2},"end":{"line":76,"column":2}},{"start":{"line":76,"column":2},"end":{"line":76,"column":2}}]},"4":{"line":80,"type":"if","locations":[{"start":{"line":80,"column":2},"end":{"line":80,"column":2}},{"start":{"line":80,"column":2},"end":{"line":80,"column":2}}]},"5":{"line":84,"type":"if","locations":[{"start":{"line":84,"column":2},"end":{"line":84,"column":2}},{"start":{"line":84,"column":2},"end":{"line":84,"column":2}}]},"6":{"line":87,"type":"if","locations":[{"start":{"line":87,"column":2},"end":{"line":87,"column":2}},{"start":{"line":87,"column":2},"end":{"line":87,"column":2}}]}}},"/Users/carsonnwright/Projects/step-test/teststeps.js":{"path":"/Users/carsonnwright/Projects/step-test/teststeps.js","s":{"1":1,"2":2,"3":2,"4":2,"5":2,"6":0,"7":2,"8":0,"9":2,"10":0,"11":2,"12":2,"13":0,"14":0,"15":0,"16":0,"17":2},"b":{},"f":{"1":2,"2":2,"3":0,"4":0,"5":0,"6":0,"7":0},"fnMap":{"1":{"name":"(anonymous_1)","line":1,"loc":{"start":{"line":1,"column":17},"end":{"line":1,"column":27}}},"2":{"name":"(anonymous_2)","line":4,"loc":{"start":{"line":4,"column":36},"end":{"line":4,"column":46}}},"3":{"name":"(anonymous_3)","line":8,"loc":{"start":{"line":8,"column":36},"end":{"line":8,"column":46}}},"4":{"name":"(anonymous_4)","line":12,"loc":{"start":{"line":12,"column":41},"end":{"line":12,"column":51}}},"5":{"name":"(anonymous_5)","line":16,"loc":{"start":{"line":16,"column":51},"end":{"line":16,"column":62}}},"6":{"name":"(anonymous_6)","line":22,"loc":{"start":{"line":22,"column":37},"end":{"line":22,"column":47}}},"7":{"name":"(anonymous_7)","line":24,"loc":{"start":{"line":24,"column":15},"end":{"line":24,"column":25}}}},"statementMap":{"1":{"start":{"line":1,"column":0},"end":{"line":31,"column":1}},"2":{"start":{"line":2,"column":2},"end":{"line":2,"column":54}},"3":{"start":{"line":4,"column":2},"end":{"line":6,"column":5}},"4":{"start":{"line":5,"column":4},"end":{"line":5,"column":21}},"5":{"start":{"line":8,"column":2},"end":{"line":10,"column":5}},"6":{"start":{"line":9,"column":4},"end":{"line":9,"column":21}},"7":{"start":{"line":12,"column":2},"end":{"line":14,"column":5}},"8":{"start":{"line":13,"column":4},"end":{"line":13,"column":22}},"9":{"start":{"line":16,"column":2},"end":{"line":18,"column":5}},"10":{"start":{"line":17,"column":4},"end":{"line":17,"column":22}},"11":{"start":{"line":20,"column":2},"end":{"line":20,"column":85}},"12":{"start":{"line":22,"column":2},"end":{"line":28,"column":5}},"13":{"start":{"line":23,"column":4},"end":{"line":23,"column":21}},"14":{"start":{"line":24,"column":4},"end":{"line":27,"column":13}},"15":{"start":{"line":25,"column":6},"end":{"line":25,"column":21}},"16":{"start":{"line":26,"column":6},"end":{"line":26,"column":18}},"17":{"start":{"line":30,"column":2},"end":{"line":30,"column":18}}},"branchMap":{}},"/Users/carsonnwright/Projects/step-test/src/step-test.js":{"path":"/Users/carsonnwright/Projects/step-test/src/step-test.js","s":{"1":1,"2":10,"3":10,"4":10,"5":10,"6":10,"7":10,"8":10,"9":10,"10":10,"11":10,"12":0,"13":0,"14":10,"15":0,"16":10,"17":0,"18":10,"19":10,"20":10,"21":10,"22":12,"23":12,"24":12,"25":0,"26":12,"27":0,"28":0,"29":2,"30":2,"31":1,"32":1,"33":23,"34":23,"35":1,"36":0,"37":1,"38":1,"39":23,"40":1,"41":1,"42":2,"43":22,"44":23,"45":10,"46":10,"47":1,"48":1,"49":10,"50":10,"51":0,"52":0,"53":0,"54":0,"55":0,"56":0,"57":0,"58":0,"59":0,"60":0,"61":0,"62":2,"63":0,"64":2,"65":2,"66":2,"67":2,"68":0,"69":2,"70":2,"71":2,"72":2,"73":2,"74":2,"75":0,"76":2,"77":2,"78":2,"79":2,"80":1,"81":1,"82":0,"83":0,"84":1,"85":1,"86":0,"87":0,"88":2,"89":2,"90":0,"91":0,"92":0,"93":2,"94":2,"95":2,"96":0,"97":0,"98":2,"99":2,"100":2,"101":2,"102":2,"103":2,"104":0,"105":0,"106":0,"107":4,"108":4,"109":2,"110":2,"111":2,"112":2,"113":2,"114":32,"115":32,"116":32,"117":2,"118":0,"119":0,"120":0,"121":0,"122":4,"123":4,"124":2,"125":2,"126":8,"127":8,"128":8,"129":8,"130":2,"131":2,"132":2,"133":2,"134":2,"135":2,"136":2,"137":0,"138":0,"139":0,"140":2,"141":2,"142":0,"143":0,"144":2,"145":2,"146":2,"147":0,"148":0,"149":0,"150":0,"151":2,"152":4,"153":4,"154":4,"155":0,"156":0,"157":0,"158":0,"159":2,"160":2,"161":0,"162":0,"163":0,"164":0,"165":0,"166":0,"167":0,"168":0,"169":0,"170":0,"171":0,"172":0,"173":3,"174":3,"175":3,"176":3,"177":3,"178":3,"179":3,"180":3,"181":1,"182":1,"183":1,"184":1},"b":{"1":[12,0],"2":[1,22],"3":[0,1],"4":[1,22],"5":[1,9],"6":[0,0],"7":[0,2],"8":[0,2],"9":[2,0],"10":[2,0],"11":[0,2],"12":[2,0],"13":[2,0],"14":[2,0],"15":[32,30],"16":[0,0],"17":[1,1],"18":[0,2],"19":[2,0],"20":[0,0],"21":[0,0],"22":[4,4],"23":[0,0],"24":[0,0],"25":[0,0],"26":[1,0]},"f":{"1":3,"2":10,"3":0,"4":0,"5":0,"6":10,"7":12,"8":0,"9":2,"10":1,"11":23,"12":0,"13":2,"14":10,"15":0,"16":0,"17":0,"18":0,"19":2,"20":1,"21":0,"22":0,"23":0,"24":2,"25":0,"26":2,"27":0,"28":4,"29":2,"30":32,"31":2,"32":0,"33":0,"34":4,"35":2,"36":2,"37":0,"38":0,"39":0,"40":0,"41":2,"42":0,"43":0,"44":4,"45":0,"46":0,"47":2,"48":0,"49":0,"50":0},"fnMap":{"1":{"name":"StepTestSuite","line":1,"loc":{"start":{"line":1,"column":0},"end":{"line":1,"column":24}}},"2":{"name":"(anonymous_2)","line":3,"loc":{"start":{"line":3,"column":15},"end":{"line":3,"column":21}}},"3":{"name":"(anonymous_3)","line":13,"loc":{"start":{"line":13,"column":26},"end":{"line":13,"column":40}}},"4":{"name":"(anonymous_4)","line":17,"loc":{"start":{"line":17,"column":34},"end":{"line":17,"column":51}}},"5":{"name":"(anonymous_5)","line":20,"loc":{"start":{"line":20,"column":34},"end":{"line":20,"column":51}}},"6":{"name":"(anonymous_6)","line":25,"loc":{"start":{"line":25,"column":15},"end":{"line":25,"column":21}}},"7":{"name":"(anonymous_7)","line":30,"loc":{"start":{"line":30,"column":15},"end":{"line":30,"column":25}}},"8":{"name":"(anonymous_8)","line":39,"loc":{"start":{"line":39,"column":9},"end":{"line":39,"column":11}}},"9":{"name":"(anonymous_9)","line":43,"loc":{"start":{"line":43,"column":7},"end":{"line":43,"column":12}}},"10":{"name":"(anonymous_10)","line":47,"loc":{"start":{"line":47,"column":8},"end":{"line":47,"column":14}}},"11":{"name":"(anonymous_11)","line":51,"loc":{"start":{"line":51,"column":8},"end":{"line":51,"column":23}}},"12":{"name":"(anonymous_12)","line":58,"loc":{"start":{"line":58,"column":15},"end":{"line":58,"column":25}}},"13":{"name":"(anonymous_13)","line":63,"loc":{"start":{"line":63,"column":19},"end":{"line":63,"column":31}}},"14":{"name":"(anonymous_14)","line":71,"loc":{"start":{"line":71,"column":10},"end":{"line":71,"column":20}}},"15":{"name":"(anonymous_15)","line":74,"loc":{"start":{"line":74,"column":13},"end":{"line":74,"column":23}}},"16":{"name":"(anonymous_16)","line":80,"loc":{"start":{"line":80,"column":6},"end":{"line":80,"column":17}}},"17":{"name":"(anonymous_17)","line":92,"loc":{"start":{"line":92,"column":13},"end":{"line":92,"column":15}}},"18":{"name":"(anonymous_18)","line":93,"loc":{"start":{"line":93,"column":46},"end":{"line":93,"column":62}}},"19":{"name":"(anonymous_19)","line":98,"loc":{"start":{"line":98,"column":13},"end":{"line":98,"column":15}}},"20":{"name":"(anonymous_20)","line":127,"loc":{"start":{"line":127,"column":8},"end":{"line":127,"column":14}}},"21":{"name":"(anonymous_21)","line":129,"loc":{"start":{"line":129,"column":15},"end":{"line":129,"column":25}}},"22":{"name":"(anonymous_22)","line":130,"loc":{"start":{"line":130,"column":19},"end":{"line":130,"column":29}}},"23":{"name":"(anonymous_23)","line":137,"loc":{"start":{"line":137,"column":8},"end":{"line":137,"column":10}}},"24":{"name":"(anonymous_24)","line":141,"loc":{"start":{"line":141,"column":7},"end":{"line":141,"column":9}}},"25":{"name":"(anonymous_25)","line":150,"loc":{"start":{"line":150,"column":21},"end":{"line":150,"column":31}}},"26":{"name":"(anonymous_26)","line":159,"loc":{"start":{"line":159,"column":8},"end":{"line":159,"column":10}}},"27":{"name":"(anonymous_27)","line":166,"loc":{"start":{"line":166,"column":9},"end":{"line":166,"column":11}}},"28":{"name":"(anonymous_28)","line":171,"loc":{"start":{"line":171,"column":7},"end":{"line":171,"column":16}}},"29":{"name":"(anonymous_29)","line":175,"loc":{"start":{"line":175,"column":9},"end":{"line":175,"column":11}}},"30":{"name":"(anonymous_30)","line":182,"loc":{"start":{"line":182,"column":6},"end":{"line":182,"column":21}}},"31":{"name":"(anonymous_31)","line":187,"loc":{"start":{"line":187,"column":11},"end":{"line":187,"column":13}}},"32":{"name":"(anonymous_32)","line":190,"loc":{"start":{"line":190,"column":11},"end":{"line":190,"column":25}}},"33":{"name":"(anonymous_33)","line":192,"loc":{"start":{"line":192,"column":42},"end":{"line":192,"column":54}}},"34":{"name":"(anonymous_34)","line":197,"loc":{"start":{"line":197,"column":14},"end":{"line":197,"column":23}}},"35":{"name":"(anonymous_35)","line":201,"loc":{"start":{"line":201,"column":18},"end":{"line":201,"column":21}}},"36":{"name":"(anonymous_36)","line":210,"loc":{"start":{"line":210,"column":15},"end":{"line":210,"column":23}}},"37":{"name":"(anonymous_37)","line":219,"loc":{"start":{"line":219,"column":33},"end":{"line":219,"column":47}}},"38":{"name":"(anonymous_38)","line":220,"loc":{"start":{"line":220,"column":21},"end":{"line":220,"column":31}}},"39":{"name":"(anonymous_39)","line":229,"loc":{"start":{"line":229,"column":16},"end":{"line":229,"column":18}}},"40":{"name":"(anonymous_40)","line":232,"loc":{"start":{"line":232,"column":15},"end":{"line":232,"column":17}}},"41":{"name":"(anonymous_41)","line":235,"loc":{"start":{"line":235,"column":19},"end":{"line":235,"column":21}}},"42":{"name":"(anonymous_42)","line":238,"loc":{"start":{"line":238,"column":53},"end":{"line":238,"column":63}}},"43":{"name":"(anonymous_43)","line":240,"loc":{"start":{"line":240,"column":21},"end":{"line":240,"column":31}}},"44":{"name":"(anonymous_44)","line":249,"loc":{"start":{"line":249,"column":13},"end":{"line":249,"column":28}}},"45":{"name":"(anonymous_45)","line":254,"loc":{"start":{"line":254,"column":18},"end":{"line":254,"column":32}}},"46":{"name":"(anonymous_46)","line":256,"loc":{"start":{"line":256,"column":42},"end":{"line":256,"column":54}}},"47":{"name":"(anonymous_47)","line":261,"loc":{"start":{"line":261,"column":16},"end":{"line":261,"column":30}}},"48":{"name":"(anonymous_48)","line":263,"loc":{"start":{"line":263,"column":31},"end":{"line":263,"column":41}}},"49":{"name":"(anonymous_49)","line":264,"loc":{"start":{"line":264,"column":41},"end":{"line":264,"column":55}}},"50":{"name":"(anonymous_50)","line":280,"loc":{"start":{"line":280,"column":16},"end":{"line":280,"column":18}}}},"statementMap":{"1":{"start":{"line":1,"column":0},"end":{"line":297,"column":1}},"2":{"start":{"line":4,"column":6},"end":{"line":4,"column":44}},"3":{"start":{"line":5,"column":6},"end":{"line":5,"column":23}},"4":{"start":{"line":6,"column":6},"end":{"line":6,"column":23}},"5":{"start":{"line":7,"column":6},"end":{"line":7,"column":24}},"6":{"start":{"line":8,"column":6},"end":{"line":8,"column":26}},"7":{"start":{"line":9,"column":6},"end":{"line":9,"column":21}},"8":{"start":{"line":10,"column":6},"end":{"line":10,"column":27}},"9":{"start":{"line":11,"column":6},"end":{"line":11,"column":23}},"10":{"start":{"line":12,"column":6},"end":{"line":12,"column":19}},"11":{"start":{"line":13,"column":6},"end":{"line":16,"column":8}},"12":{"start":{"line":14,"column":8},"end":{"line":14,"column":51}},"13":{"start":{"line":15,"column":8},"end":{"line":15,"column":56}},"14":{"start":{"line":17,"column":6},"end":{"line":19,"column":8}},"15":{"start":{"line":18,"column":8},"end":{"line":18,"column":75}},"16":{"start":{"line":20,"column":6},"end":{"line":22,"column":8}},"17":{"start":{"line":21,"column":8},"end":{"line":21,"column":75}},"18":{"start":{"line":23,"column":6},"end":{"line":23,"column":18}},"19":{"start":{"line":26,"column":6},"end":{"line":26,"column":44}},"20":{"start":{"line":27,"column":6},"end":{"line":27,"column":40}},"21":{"start":{"line":28,"column":6},"end":{"line":28,"column":30}},"22":{"start":{"line":31,"column":6},"end":{"line":31,"column":19}},"23":{"start":{"line":32,"column":6},"end":{"line":36,"column":7}},"24":{"start":{"line":33,"column":8},"end":{"line":33,"column":30}},"25":{"start":{"line":35,"column":8},"end":{"line":35,"column":45}},"26":{"start":{"line":37,"column":6},"end":{"line":37,"column":18}},"27":{"start":{"line":40,"column":6},"end":{"line":40,"column":27}},"28":{"start":{"line":41,"column":6},"end":{"line":41,"column":18}},"29":{"start":{"line":44,"column":6},"end":{"line":44,"column":28}},"30":{"start":{"line":45,"column":6},"end":{"line":45,"column":18}},"31":{"start":{"line":48,"column":6},"end":{"line":48,"column":45}},"32":{"start":{"line":49,"column":6},"end":{"line":49,"column":18}},"33":{"start":{"line":52,"column":6},"end":{"line":52,"column":44}},"34":{"start":{"line":53,"column":6},"end":{"line":60,"column":7}},"35":{"start":{"line":54,"column":8},"end":{"line":59,"column":9}},"36":{"start":{"line":55,"column":10},"end":{"line":55,"column":23}},"37":{"start":{"line":57,"column":10},"end":{"line":57,"column":37}},"38":{"start":{"line":58,"column":10},"end":{"line":58,"column":28}},"39":{"start":{"line":61,"column":6},"end":{"line":68,"column":7}},"40":{"start":{"line":62,"column":8},"end":{"line":62,"column":21}},"41":{"start":{"line":63,"column":8},"end":{"line":65,"column":10}},"42":{"start":{"line":64,"column":10},"end":{"line":64,"column":20}},"43":{"start":{"line":67,"column":8},"end":{"line":67,"column":46}},"44":{"start":{"line":69,"column":6},"end":{"line":69,"column":18}},"45":{"start":{"line":72,"column":6},"end":{"line":72,"column":19}},"46":{"start":{"line":73,"column":6},"end":{"line":76,"column":7}},"47":{"start":{"line":74,"column":8},"end":{"line":74,"column":26}},"48":{"start":{"line":75,"column":8},"end":{"line":75,"column":29}},"49":{"start":{"line":77,"column":6},"end":{"line":77,"column":35}},"50":{"start":{"line":78,"column":6},"end":{"line":78,"column":18}},"51":{"start":{"line":81,"column":6},"end":{"line":81,"column":45}},"52":{"start":{"line":82,"column":6},"end":{"line":88,"column":7}},"53":{"start":{"line":83,"column":8},"end":{"line":83,"column":38}},"54":{"start":{"line":84,"column":8},"end":{"line":84,"column":62}},"55":{"start":{"line":86,"column":8},"end":{"line":86,"column":38}},"56":{"start":{"line":87,"column":8},"end":{"line":87,"column":62}},"57":{"start":{"line":89,"column":6},"end":{"line":89,"column":38}},"58":{"start":{"line":90,"column":6},"end":{"line":90,"column":18}},"59":{"start":{"line":93,"column":6},"end":{"line":95,"column":8}},"60":{"start":{"line":94,"column":8},"end":{"line":94,"column":30}},"61":{"start":{"line":96,"column":6},"end":{"line":96,"column":36}},"62":{"start":{"line":99,"column":6},"end":{"line":101,"column":7}},"63":{"start":{"line":100,"column":8},"end":{"line":100,"column":20}},"64":{"start":{"line":103,"column":6},"end":{"line":103,"column":32}},"65":{"start":{"line":104,"column":6},"end":{"line":104,"column":25}},"66":{"start":{"line":106,"column":6},"end":{"line":106,"column":37}},"67":{"start":{"line":108,"column":6},"end":{"line":110,"column":7}},"68":{"start":{"line":109,"column":8},"end":{"line":109,"column":20}},"69":{"start":{"line":112,"column":6},"end":{"line":112,"column":69}},"70":{"start":{"line":113,"column":6},"end":{"line":113,"column":27}},"71":{"start":{"line":114,"column":6},"end":{"line":114,"column":30}},"72":{"start":{"line":115,"column":6},"end":{"line":115,"column":28}},"73":{"start":{"line":116,"column":6},"end":{"line":120,"column":7}},"74":{"start":{"line":117,"column":8},"end":{"line":117,"column":46}},"75":{"start":{"line":119,"column":8},"end":{"line":119,"column":42}},"76":{"start":{"line":121,"column":6},"end":{"line":124,"column":7}},"77":{"start":{"line":122,"column":8},"end":{"line":122,"column":23}},"78":{"start":{"line":123,"column":8},"end":{"line":123,"column":30}},"79":{"start":{"line":125,"column":6},"end":{"line":125,"column":18}},"80":{"start":{"line":128,"column":6},"end":{"line":128,"column":19}},"81":{"start":{"line":129,"column":6},"end":{"line":133,"column":8}},"82":{"start":{"line":130,"column":8},"end":{"line":132,"column":17}},"83":{"start":{"line":131,"column":10},"end":{"line":131,"column":18}},"84":{"start":{"line":134,"column":6},"end":{"line":134,"column":54}},"85":{"start":{"line":135,"column":6},"end":{"line":135,"column":18}},"86":{"start":{"line":138,"column":6},"end":{"line":138,"column":23}},"87":{"start":{"line":139,"column":6},"end":{"line":139,"column":18}},"88":{"start":{"line":142,"column":6},"end":{"line":142,"column":19}},"89":{"start":{"line":143,"column":6},"end":{"line":147,"column":7}},"90":{"start":{"line":144,"column":8},"end":{"line":144,"column":33}},"91":{"start":{"line":145,"column":8},"end":{"line":145,"column":33}},"92":{"start":{"line":146,"column":8},"end":{"line":146,"column":20}},"93":{"start":{"line":148,"column":6},"end":{"line":156,"column":7}},"94":{"start":{"line":149,"column":8},"end":{"line":155,"column":9}},"95":{"start":{"line":150,"column":10},"end":{"line":152,"column":28}},"96":{"start":{"line":151,"column":12},"end":{"line":151,"column":26}},"97":{"start":{"line":154,"column":10},"end":{"line":154,"column":27}},"98":{"start":{"line":157,"column":6},"end":{"line":157,"column":18}},"99":{"start":{"line":160,"column":6},"end":{"line":160,"column":18}},"100":{"start":{"line":161,"column":6},"end":{"line":161,"column":25}},"101":{"start":{"line":162,"column":6},"end":{"line":162,"column":30}},"102":{"start":{"line":163,"column":6},"end":{"line":163,"column":23}},"103":{"start":{"line":164,"column":6},"end":{"line":164,"column":18}},"104":{"start":{"line":167,"column":6},"end":{"line":167,"column":26}},"105":{"start":{"line":168,"column":6},"end":{"line":168,"column":29}},"106":{"start":{"line":169,"column":6},"end":{"line":169,"column":18}},"107":{"start":{"line":172,"column":6},"end":{"line":172,"column":36}},"108":{"start":{"line":173,"column":6},"end":{"line":173,"column":18}},"109":{"start":{"line":176,"column":6},"end":{"line":176,"column":44}},"110":{"start":{"line":177,"column":6},"end":{"line":177,"column":30}},"111":{"start":{"line":178,"column":6},"end":{"line":178,"column":24}},"112":{"start":{"line":179,"column":6},"end":{"line":179,"column":26}},"113":{"start":{"line":180,"column":6},"end":{"line":180,"column":18}},"114":{"start":{"line":183,"column":6},"end":{"line":183,"column":54}},"115":{"start":{"line":184,"column":6},"end":{"line":184,"column":41}},"116":{"start":{"line":185,"column":6},"end":{"line":185,"column":18}},"117":{"start":{"line":188,"column":6},"end":{"line":188,"column":16}},"118":{"start":{"line":191,"column":6},"end":{"line":191,"column":19}},"119":{"start":{"line":192,"column":6},"end":{"line":194,"column":8}},"120":{"start":{"line":193,"column":8},"end":{"line":193,"column":31}},"121":{"start":{"line":195,"column":6},"end":{"line":195,"column":18}},"122":{"start":{"line":198,"column":6},"end":{"line":198,"column":26}},"123":{"start":{"line":199,"column":6},"end":{"line":199,"column":18}},"124":{"start":{"line":202,"column":8},"end":{"line":202,"column":20}},"125":{"start":{"line":203,"column":8},"end":{"line":208,"column":9}},"126":{"start":{"line":204,"column":10},"end":{"line":204,"column":44}},"127":{"start":{"line":205,"column":10},"end":{"line":205,"column":23}},"128":{"start":{"line":206,"column":10},"end":{"line":206,"column":26}},"129":{"start":{"line":207,"column":10},"end":{"line":207,"column":19}},"130":{"start":{"line":211,"column":6},"end":{"line":211,"column":20}},"131":{"start":{"line":212,"column":6},"end":{"line":212,"column":30}},"132":{"start":{"line":213,"column":6},"end":{"line":213,"column":24}},"133":{"start":{"line":214,"column":6},"end":{"line":214,"column":73}},"134":{"start":{"line":215,"column":6},"end":{"line":215,"column":52}},"135":{"start":{"line":216,"column":6},"end":{"line":216,"column":37}},"136":{"start":{"line":218,"column":6},"end":{"line":226,"column":7}},"137":{"start":{"line":219,"column":8},"end":{"line":223,"column":10}},"138":{"start":{"line":220,"column":10},"end":{"line":222,"column":16}},"139":{"start":{"line":221,"column":12},"end":{"line":221,"column":24}},"140":{"start":{"line":225,"column":8},"end":{"line":225,"column":23}},"141":{"start":{"line":227,"column":6},"end":{"line":227,"column":18}},"142":{"start":{"line":230,"column":6},"end":{"line":230,"column":29}},"143":{"start":{"line":233,"column":6},"end":{"line":233,"column":21}},"144":{"start":{"line":236,"column":6},"end":{"line":236,"column":20}},"145":{"start":{"line":237,"column":6},"end":{"line":247,"column":7}},"146":{"start":{"line":238,"column":8},"end":{"line":245,"column":11}},"147":{"start":{"line":239,"column":10},"end":{"line":239,"column":27}},"148":{"start":{"line":240,"column":10},"end":{"line":244,"column":26}},"149":{"start":{"line":241,"column":12},"end":{"line":243,"column":13}},"150":{"start":{"line":242,"column":14},"end":{"line":242,"column":28}},"151":{"start":{"line":246,"column":8},"end":{"line":246,"column":45}},"152":{"start":{"line":250,"column":6},"end":{"line":250,"column":54}},"153":{"start":{"line":251,"column":6},"end":{"line":251,"column":41}},"154":{"start":{"line":252,"column":6},"end":{"line":252,"column":18}},"155":{"start":{"line":255,"column":6},"end":{"line":255,"column":19}},"156":{"start":{"line":256,"column":6},"end":{"line":258,"column":8}},"157":{"start":{"line":257,"column":8},"end":{"line":257,"column":31}},"158":{"start":{"line":259,"column":6},"end":{"line":259,"column":18}},"159":{"start":{"line":262,"column":6},"end":{"line":262,"column":20}},"160":{"start":{"line":263,"column":6},"end":{"line":278,"column":8}},"161":{"start":{"line":264,"column":8},"end":{"line":266,"column":10}},"162":{"start":{"line":265,"column":10},"end":{"line":265,"column":43}},"163":{"start":{"line":268,"column":8},"end":{"line":268,"column":19}},"164":{"start":{"line":269,"column":8},"end":{"line":273,"column":9}},"165":{"start":{"line":270,"column":10},"end":{"line":270,"column":33}},"166":{"start":{"line":272,"column":10},"end":{"line":272,"column":36}},"167":{"start":{"line":275,"column":8},"end":{"line":277,"column":9}},"168":{"start":{"line":276,"column":10},"end":{"line":276,"column":33}},"169":{"start":{"line":281,"column":6},"end":{"line":281,"column":22}},"170":{"start":{"line":282,"column":6},"end":{"line":282,"column":24}},"171":{"start":{"line":283,"column":6},"end":{"line":283,"column":26}},"172":{"start":{"line":284,"column":6},"end":{"line":284,"column":22}},"173":{"start":{"line":288,"column":2},"end":{"line":288,"column":31}},"174":{"start":{"line":289,"column":2},"end":{"line":289,"column":26}},"175":{"start":{"line":290,"column":2},"end":{"line":290,"column":22}},"176":{"start":{"line":291,"column":2},"end":{"line":291,"column":22}},"177":{"start":{"line":292,"column":2},"end":{"line":292,"column":24}},"178":{"start":{"line":293,"column":2},"end":{"line":293,"column":28}},"179":{"start":{"line":295,"column":2},"end":{"line":295,"column":33}},"180":{"start":{"line":296,"column":2},"end":{"line":296,"column":18}},"181":{"start":{"line":298,"column":0},"end":{"line":298,"column":31}},"182":{"start":{"line":299,"column":0},"end":{"line":299,"column":31}},"183":{"start":{"line":301,"column":0},"end":{"line":303,"column":1}},"184":{"start":{"line":302,"column":2},"end":{"line":302,"column":28}}},"branchMap":{"1":{"line":32,"type":"if","locations":[{"start":{"line":32,"column":6},"end":{"line":32,"column":6}},{"start":{"line":32,"column":6},"end":{"line":32,"column":6}}]},"2":{"line":53,"type":"if","locations":[{"start":{"line":53,"column":6},"end":{"line":53,"column":6}},{"start":{"line":53,"column":6},"end":{"line":53,"column":6}}]},"3":{"line":54,"type":"if","locations":[{"start":{"line":54,"column":8},"end":{"line":54,"column":8}},{"start":{"line":54,"column":8},"end":{"line":54,"column":8}}]},"4":{"line":61,"type":"if","locations":[{"start":{"line":61,"column":6},"end":{"line":61,"column":6}},{"start":{"line":61,"column":6},"end":{"line":61,"column":6}}]},"5":{"line":73,"type":"if","locations":[{"start":{"line":73,"column":6},"end":{"line":73,"column":6}},{"start":{"line":73,"column":6},"end":{"line":73,"column":6}}]},"6":{"line":82,"type":"if","locations":[{"start":{"line":82,"column":6},"end":{"line":82,"column":6}},{"start":{"line":82,"column":6},"end":{"line":82,"column":6}}]},"7":{"line":99,"type":"if","locations":[{"start":{"line":99,"column":6},"end":{"line":99,"column":6}},{"start":{"line":99,"column":6},"end":{"line":99,"column":6}}]},"8":{"line":108,"type":"if","locations":[{"start":{"line":108,"column":6},"end":{"line":108,"column":6}},{"start":{"line":108,"column":6},"end":{"line":108,"column":6}}]},"9":{"line":112,"type":"cond-expr","locations":[{"start":{"line":112,"column":48},"end":{"line":112,"column":65}},{"start":{"line":112,"column":67},"end":{"line":112,"column":69}}]},"10":{"line":121,"type":"if","locations":[{"start":{"line":121,"column":6},"end":{"line":121,"column":6}},{"start":{"line":121,"column":6},"end":{"line":121,"column":6}}]},"11":{"line":143,"type":"if","locations":[{"start":{"line":143,"column":6},"end":{"line":143,"column":6}},{"start":{"line":143,"column":6},"end":{"line":143,"column":6}}]},"12":{"line":143,"type":"binary-expr","locations":[{"start":{"line":143,"column":9},"end":{"line":143,"column":36}},{"start":{"line":143,"column":40},"end":{"line":143,"column":65}}]},"13":{"line":148,"type":"if","locations":[{"start":{"line":148,"column":6},"end":{"line":148,"column":6}},{"start":{"line":148,"column":6},"end":{"line":148,"column":6}}]},"14":{"line":149,"type":"if","locations":[{"start":{"line":149,"column":8},"end":{"line":149,"column":8}},{"start":{"line":149,"column":8},"end":{"line":149,"column":8}}]},"15":{"line":183,"type":"binary-expr","locations":[{"start":{"line":183,"column":28},"end":{"line":183,"column":47}},{"start":{"line":183,"column":51},"end":{"line":183,"column":53}}]},"16":{"line":192,"type":"binary-expr","locations":[{"start":{"line":192,"column":7},"end":{"line":192,"column":26}},{"start":{"line":192,"column":30},"end":{"line":192,"column":32}}]},"17":{"line":214,"type":"cond-expr","locations":[{"start":{"line":214,"column":34},"end":{"line":214,"column":59}},{"start":{"line":214,"column":62},"end":{"line":214,"column":72}}]},"18":{"line":218,"type":"if","locations":[{"start":{"line":218,"column":6},"end":{"line":218,"column":6}},{"start":{"line":218,"column":6},"end":{"line":218,"column":6}}]},"19":{"line":237,"type":"if","locations":[{"start":{"line":237,"column":6},"end":{"line":237,"column":6}},{"start":{"line":237,"column":6},"end":{"line":237,"column":6}}]},"20":{"line":241,"type":"if","locations":[{"start":{"line":241,"column":12},"end":{"line":241,"column":12}},{"start":{"line":241,"column":12},"end":{"line":241,"column":12}}]},"21":{"line":241,"type":"binary-expr","locations":[{"start":{"line":241,"column":15},"end":{"line":241,"column":42}},{"start":{"line":241,"column":46},"end":{"line":241,"column":68}}]},"22":{"line":250,"type":"binary-expr","locations":[{"start":{"line":250,"column":28},"end":{"line":250,"column":47}},{"start":{"line":250,"column":51},"end":{"line":250,"column":53}}]},"23":{"line":256,"type":"binary-expr","locations":[{"start":{"line":256,"column":7},"end":{"line":256,"column":26}},{"start":{"line":256,"column":30},"end":{"line":256,"column":32}}]},"24":{"line":269,"type":"if","locations":[{"start":{"line":269,"column":8},"end":{"line":269,"column":8}},{"start":{"line":269,"column":8},"end":{"line":269,"column":8}}]},"25":{"line":275,"type":"if","locations":[{"start":{"line":275,"column":8},"end":{"line":275,"column":8}},{"start":{"line":275,"column":8},"end":{"line":275,"column":8}}]},"26":{"line":301,"type":"if","locations":[{"start":{"line":301,"column":0},"end":{"line":301,"column":0}},{"start":{"line":301,"column":0},"end":{"line":301,"column":0}}]}}},"/Users/carsonnwright/Projects/step-test/test2.js":{"path":"/Users/carsonnwright/Projects/step-test/test2.js","s":{"1":1,"2":1,"3":1,"4":1,"5":1,"6":1,"7":1,"8":1,"9":0,"10":1,"11":1,"12":1,"13":1,"14":0,"15":1,"16":1,"17":0,"18":0,"19":1,"20":0,"21":0,"22":0,"23":0,"24":0,"25":1},"b":{"1":[0,0],"2":[0,0],"3":[0,0]},"f":{"1":1,"2":0,"3":0,"4":0,"5":0},"fnMap":{"1":{"name":"(anonymous_1)","line":4,"loc":{"start":{"line":4,"column":1},"end":{"line":4,"column":11}}},"2":{"name":"(anonymous_2)","line":9,"loc":{"start":{"line":9,"column":36},"end":{"line":9,"column":46}}},"3":{"name":"(anonymous_3)","line":16,"loc":{"start":{"line":16,"column":36},"end":{"line":16,"column":46}}},"4":{"name":"(anonymous_4)","line":21,"loc":{"start":{"line":21,"column":27},"end":{"line":21,"column":37}}},"5":{"name":"(anonymous_5)","line":27,"loc":{"start":{"line":27,"column":27},"end":{"line":27,"column":37}}}},"statementMap":{"1":{"start":{"line":1,"column":0},"end":{"line":1,"column":44}},"2":{"start":{"line":2,"column":0},"end":{"line":2,"column":33}},"3":{"start":{"line":4,"column":0},"end":{"line":35,"column":4}},"4":{"start":{"line":5,"column":2},"end":{"line":5,"column":37}},"5":{"start":{"line":6,"column":2},"end":{"line":6,"column":81}},"6":{"start":{"line":7,"column":2},"end":{"line":7,"column":30}},"7":{"start":{"line":8,"column":2},"end":{"line":8,"column":47}},"8":{"start":{"line":9,"column":2},"end":{"line":11,"column":4}},"9":{"start":{"line":10,"column":4},"end":{"line":10,"column":32}},"10":{"start":{"line":13,"column":2},"end":{"line":13,"column":84}},"11":{"start":{"line":14,"column":2},"end":{"line":14,"column":30}},"12":{"start":{"line":15,"column":2},"end":{"line":15,"column":47}},"13":{"start":{"line":16,"column":2},"end":{"line":18,"column":4}},"14":{"start":{"line":17,"column":4},"end":{"line":17,"column":32}},"15":{"start":{"line":20,"column":2},"end":{"line":20,"column":56}},"16":{"start":{"line":21,"column":2},"end":{"line":25,"column":10}},"17":{"start":{"line":22,"column":4},"end":{"line":24,"column":5}},"18":{"start":{"line":23,"column":6},"end":{"line":23,"column":40}},"19":{"start":{"line":27,"column":2},"end":{"line":34,"column":4}},"20":{"start":{"line":28,"column":4},"end":{"line":30,"column":5}},"21":{"start":{"line":29,"column":6},"end":{"line":29,"column":28}},"22":{"start":{"line":31,"column":4},"end":{"line":31,"column":20}},"23":{"start":{"line":32,"column":4},"end":{"line":32,"column":26}},"24":{"start":{"line":33,"column":4},"end":{"line":33,"column":32}},"25":{"start":{"line":36,"column":0},"end":{"line":36,"column":27}}},"branchMap":{"1":{"line":22,"type":"if","locations":[{"start":{"line":22,"column":4},"end":{"line":22,"column":4}},{"start":{"line":22,"column":4},"end":{"line":22,"column":4}}]},"2":{"line":28,"type":"if","locations":[{"start":{"line":28,"column":4},"end":{"line":28,"column":4}},{"start":{"line":28,"column":4},"end":{"line":28,"column":4}}]},"3":{"line":28,"type":"binary-expr","locations":[{"start":{"line":28,"column":7},"end":{"line":28,"column":23}},{"start":{"line":28,"column":27},"end":{"line":28,"column":50}}]}}}}