TN:
SF:/Users/carsonnwright/Projects/step-test/test.js
FN:5,(anonymous_1)
FNF:1
FNH:1
FNDA:3,(anonymous_1)
DA:1,1
DA:2,1
DA:4,1
DA:5,1
DA:6,3
DA:8,1
LF:6
LH:6
BRF:0
BRH:0
end_of_record
TN:
SF:/Users/carsonnwright/Projects/step-test/test1.js
FN:10,(anonymous_1)
FN:15,(anonymous_2)
FN:24,(anonymous_3)
FN:31,(anonymous_4)
FN:40,(anonymous_5)
FN:47,(anonymous_6)
FN:53,(anonymous_7)
FN:61,(anonymous_8)
FN:67,(anonymous_9)
FNF:9
FNH:0
FNDA:0,(anonymous_1)
FNDA:0,(anonymous_2)
FNDA:0,(anonymous_3)
FNDA:0,(anonymous_4)
FNDA:0,(anonymous_5)
FNDA:0,(anonymous_6)
FNDA:0,(anonymous_7)
FNDA:0,(anonymous_8)
FNDA:0,(anonymous_9)
DA:2,1
DA:3,1
DA:5,1
DA:6,1
DA:7,1
DA:8,1
DA:9,1
DA:10,1
DA:11,0
DA:13,1
DA:14,1
DA:15,1
DA:16,0
DA:18,1
DA:20,1
DA:21,1
DA:22,1
DA:23,1
DA:24,1
DA:25,0
DA:28,1
DA:29,1
DA:30,1
DA:31,1
DA:32,0
DA:34,1
DA:36,1
DA:37,1
DA:38,1
DA:39,1
DA:40,1
DA:41,0
DA:44,1
DA:45,1
DA:46,1
DA:47,1
DA:48,0
DA:50,1
DA:52,1
DA:53,1
DA:54,0
DA:57,1
DA:58,1
DA:60,1
DA:61,1
DA:62,0
DA:63,0
DA:67,1
DA:68,0
DA:69,0
DA:71,0
DA:72,0
DA:73,0
DA:76,0
DA:77,0
DA:80,0
DA:81,0
DA:84,0
DA:85,0
DA:87,0
DA:88,0
DA:90,0
DA:91,0
DA:94,1
LF:64
LH:40
BRDA:62,1,0,0
BRDA:62,1,1,0
BRDA:71,2,0,0
BRDA:71,2,1,0
BRDA:76,3,0,0
BRDA:76,3,1,0
BRDA:80,4,0,0
BRDA:80,4,1,0
BRDA:84,5,0,0
BRDA:84,5,1,0
BRDA:87,6,0,0
BRDA:87,6,1,0
BRF:12
BRH:0
end_of_record
TN:
SF:/Users/carsonnwright/Projects/step-test/teststeps.js
FN:1,(anonymous_1)
FN:4,(anonymous_2)
FN:8,(anonymous_3)
FN:12,(anonymous_4)
FN:16,(anonymous_5)
FN:22,(anonymous_6)
FN:24,(anonymous_7)
FNF:7
FNH:2
FNDA:2,(anonymous_1)
FNDA:2,(anonymous_2)
FNDA:0,(anonymous_3)
FNDA:0,(anonymous_4)
FNDA:0,(anonymous_5)
FNDA:0,(anonymous_6)
FNDA:0,(anonymous_7)
DA:1,1
DA:2,2
DA:4,2
DA:5,2
DA:8,2
DA:9,0
DA:12,2
DA:13,0
DA:16,2
DA:17,0
DA:20,2
DA:22,2
DA:23,0
DA:24,0
DA:25,0
DA:26,0
DA:30,2
LF:17
LH:10
BRF:0
BRH:0
end_of_record
TN:
SF:/Users/carsonnwright/Projects/step-test/src/step-test.js
FN:1,StepTestSuite
FN:3,(anonymous_2)
FN:13,(anonymous_3)
FN:17,(anonymous_4)
FN:20,(anonymous_5)
FN:25,(anonymous_6)
FN:30,(anonymous_7)
FN:39,(anonymous_8)
FN:43,(anonymous_9)
FN:47,(anonymous_10)
FN:51,(anonymous_11)
FN:58,(anonymous_12)
FN:63,(anonymous_13)
FN:71,(anonymous_14)
FN:74,(anonymous_15)
FN:80,(anonymous_16)
FN:92,(anonymous_17)
FN:93,(anonymous_18)
FN:98,(anonymous_19)
FN:127,(anonymous_20)
FN:129,(anonymous_21)
FN:130,(anonymous_22)
FN:137,(anonymous_23)
FN:141,(anonymous_24)
FN:150,(anonymous_25)
FN:159,(anonymous_26)
FN:166,(anonymous_27)
FN:171,(anonymous_28)
FN:175,(anonymous_29)
FN:182,(anonymous_30)
FN:187,(anonymous_31)
FN:190,(anonymous_32)
FN:192,(anonymous_33)
FN:197,(anonymous_34)
FN:201,(anonymous_35)
FN:210,(anonymous_36)
FN:219,(anonymous_37)
FN:220,(anonymous_38)
FN:229,(anonymous_39)
FN:232,(anonymous_40)
FN:235,(anonymous_41)
FN:238,(anonymous_42)
FN:240,(anonymous_43)
FN:249,(anonymous_44)
FN:254,(anonymous_45)
FN:256,(anonymous_46)
FN:261,(anonymous_47)
FN:263,(anonymous_48)
FN:264,(anonymous_49)
FN:280,(anonymous_50)
FNF:50
FNH:23
FNDA:3,StepTestSuite
FNDA:10,(anonymous_2)
FNDA:0,(anonymous_3)
FNDA:0,(anonymous_4)
FNDA:0,(anonymous_5)
FNDA:10,(anonymous_6)
FNDA:12,(anonymous_7)
FNDA:0,(anonymous_8)
FNDA:2,(anonymous_9)
FNDA:1,(anonymous_10)
FNDA:23,(anonymous_11)
FNDA:0,(anonymous_12)
FNDA:2,(anonymous_13)
FNDA:10,(anonymous_14)
FNDA:0,(anonymous_15)
FNDA:0,(anonymous_16)
FNDA:0,(anonymous_17)
FNDA:0,(anonymous_18)
FNDA:2,(anonymous_19)
FNDA:1,(anonymous_20)
FNDA:0,(anonymous_21)
FNDA:0,(anonymous_22)
FNDA:0,(anonymous_23)
FNDA:2,(anonymous_24)
FNDA:0,(anonymous_25)
FNDA:2,(anonymous_26)
FNDA:0,(anonymous_27)
FNDA:4,(anonymous_28)
FNDA:2,(anonymous_29)
FNDA:32,(anonymous_30)
FNDA:2,(anonymous_31)
FNDA:0,(anonymous_32)
FNDA:0,(anonymous_33)
FNDA:4,(anonymous_34)
FNDA:2,(anonymous_35)
FNDA:2,(anonymous_36)
FNDA:0,(anonymous_37)
FNDA:0,(anonymous_38)
FNDA:0,(anonymous_39)
FNDA:0,(anonymous_40)
FNDA:2,(anonymous_41)
FNDA:0,(anonymous_42)
FNDA:0,(anonymous_43)
FNDA:4,(anonymous_44)
FNDA:0,(anonymous_45)
FNDA:0,(anonymous_46)
FNDA:2,(anonymous_47)
FNDA:0,(anonymous_48)
FNDA:0,(anonymous_49)
FNDA:0,(anonymous_50)
DA:1,1
DA:4,10
DA:5,10
DA:6,10
DA:7,10
DA:8,10
DA:9,10
DA:10,10
DA:11,10
DA:12,10
DA:13,10
DA:14,0
DA:15,0
DA:17,10
DA:18,0
DA:20,10
DA:21,0
DA:23,10
DA:26,10
DA:27,10
DA:28,10
DA:31,12
DA:32,12
DA:33,12
DA:35,0
DA:37,12
DA:40,0
DA:41,0
DA:44,2
DA:45,2
DA:48,1
DA:49,1
DA:52,23
DA:53,23
DA:54,1
DA:55,0
DA:57,1
DA:58,1
DA:61,23
DA:62,1
DA:63,1
DA:64,2
DA:67,22
DA:69,23
DA:72,10
DA:73,10
DA:74,1
DA:75,1
DA:77,10
DA:78,10
DA:81,0
DA:82,0
DA:83,0
DA:84,0
DA:86,0
DA:87,0
DA:89,0
DA:90,0
DA:93,0
DA:94,0
DA:96,0
DA:99,2
DA:100,0
DA:103,2
DA:104,2
DA:106,2
DA:108,2
DA:109,0
DA:112,2
DA:113,2
DA:114,2
DA:115,2
DA:116,2
DA:117,2
DA:119,0
DA:121,2
DA:122,2
DA:123,2
DA:125,2
DA:128,1
DA:129,1
DA:130,0
DA:131,0
DA:134,1
DA:135,1
DA:138,0
DA:139,0
DA:142,2
DA:143,2
DA:144,0
DA:145,0
DA:146,0
DA:148,2
DA:149,2
DA:150,2
DA:151,0
DA:154,0
DA:157,2
DA:160,2
DA:161,2
DA:162,2
DA:163,2
DA:164,2
DA:167,0
DA:168,0
DA:169,0
DA:172,4
DA:173,4
DA:176,2
DA:177,2
DA:178,2
DA:179,2
DA:180,2
DA:183,32
DA:184,32
DA:185,32
DA:188,2
DA:191,0
DA:192,0
DA:193,0
DA:195,0
DA:198,4
DA:199,4
DA:202,2
DA:203,2
DA:204,8
DA:205,8
DA:206,8
DA:207,8
DA:211,2
DA:212,2
DA:213,2
DA:214,2
DA:215,2
DA:216,2
DA:218,2
DA:219,0
DA:220,0
DA:221,0
DA:225,2
DA:227,2
DA:230,0
DA:233,0
DA:236,2
DA:237,2
DA:238,2
DA:239,0
DA:240,0
DA:241,0
DA:242,0
DA:246,2
DA:250,4
DA:251,4
DA:252,4
DA:255,0
DA:256,0
DA:257,0
DA:259,0
DA:262,2
DA:263,2
DA:264,0
DA:265,0
DA:268,0
DA:269,0
DA:270,0
DA:272,0
DA:275,0
DA:276,0
DA:281,0
DA:282,0
DA:283,0
DA:284,0
DA:288,3
DA:289,3
DA:290,3
DA:291,3
DA:292,3
DA:293,3
DA:295,3
DA:296,3
DA:298,1
DA:299,1
DA:301,1
DA:302,1
LF:184
LH:121
BRDA:32,1,0,12
BRDA:32,1,1,0
BRDA:53,2,0,1
BRDA:53,2,1,22
BRDA:54,3,0,0
BRDA:54,3,1,1
BRDA:61,4,0,1
BRDA:61,4,1,22
BRDA:73,5,0,1
BRDA:73,5,1,9
BRDA:82,6,0,0
BRDA:82,6,1,0
BRDA:99,7,0,0
BRDA:99,7,1,2
BRDA:108,8,0,0
BRDA:108,8,1,2
BRDA:112,9,0,2
BRDA:112,9,1,0
BRDA:121,10,0,2
BRDA:121,10,1,0
BRDA:143,11,0,0
BRDA:143,11,1,2
BRDA:143,12,0,2
BRDA:143,12,1,0
BRDA:148,13,0,2
BRDA:148,13,1,0
BRDA:149,14,0,2
BRDA:149,14,1,0
BRDA:183,15,0,32
BRDA:183,15,1,30
BRDA:192,16,0,0
BRDA:192,16,1,0
BRDA:214,17,0,1
BRDA:214,17,1,1
BRDA:218,18,0,0
BRDA:218,18,1,2
BRDA:237,19,0,2
BRDA:237,19,1,0
BRDA:241,20,0,0
BRDA:241,20,1,0
BRDA:241,21,0,0
BRDA:241,21,1,0
BRDA:250,22,0,4
BRDA:250,22,1,4
BRDA:256,23,0,0
BRDA:256,23,1,0
BRDA:269,24,0,0
BRDA:269,24,1,0
BRDA:275,25,0,0
BRDA:275,25,1,0
BRDA:301,26,0,1
BRDA:301,26,1,0
BRF:52
BRH:25
end_of_record
TN:
SF:/Users/carsonnwright/Projects/step-test/test2.js
FN:4,(anonymous_1)
FN:9,(anonymous_2)
FN:16,(anonymous_3)
FN:21,(anonymous_4)
FN:27,(anonymous_5)
FNF:5
FNH:1
FNDA:1,(anonymous_1)
FNDA:0,(anonymous_2)
FNDA:0,(anonymous_3)
FNDA:0,(anonymous_4)
FNDA:0,(anonymous_5)
DA:1,1
DA:2,1
DA:4,1
DA:5,1
DA:6,1
DA:7,1
DA:8,1
DA:9,1
DA:10,0
DA:13,1
DA:14,1
DA:15,1
DA:16,1
DA:17,0
DA:20,1
DA:21,1
DA:22,0
DA:23,0
DA:27,1
DA:28,0
DA:29,0
DA:31,0
DA:32,0
DA:33,0
DA:36,1
LF:25
LH:16
BRDA:22,1,0,0
BRDA:22,1,1,0
BRDA:28,2,0,0
BRDA:28,2,1,0
BRDA:28,3,0,0
BRDA:28,3,1,0
BRF:6
BRH:0
end_of_record
